<?xml version="1.0" encoding="UTF-8"?>
<!-- Generated by org.testng.reporters.JUnitXMLReporter -->
<testsuite hostname="DESKTOP-UJFK23I" ignored="0" name="Test" tests="5" failures="0" timestamp="2022-03-02T11:08:24 IST" time="12.904" errors="0">
  <testcase name="launchApplication" time="3.846" classname="com.testng.grouping.Amazon"/>
  <testcase name="verifyLogin" time="0.0" classname="com.testng.grouping.Group_LoginCase"/>
  <testcase name="verifyPricing" time="0.001" classname="com.testng.grouping.Group_LoginCase"/>
  <testcase name="verifyAmazonSearch" time="0.002" classname="com.testng.grouping.Group_SearchCase"/>
  <testcase name="verifyLoginToApp" time="9.003" classname="com.testng.grouping.LoginToApp"/>
</testsuite> <!-- Test -->
