<?xml version="1.0" encoding="UTF-8"?>
<!-- Generated by org.testng.reporters.JUnitXMLReporter -->
<testsuite hostname="DESKTOP-UJFK23I" ignored="1" name="Test1(failed)" tests="1" failures="0" timestamp="2021-10-28T19:25:51 IST" time="3.939" errors="0">
  <testcase name="login" time="0.734" classname="com.testng.parameterization.TestngParamExample"/>
  <testcase name="tearDown" time="0.0" classname="com.testng.parameterization.TestngParamExample">
    <ignored/>
  </testcase> <!-- tearDown -->
</testsuite> <!-- Test1(failed) -->
