<?xml version="1.0" encoding="UTF-8"?>
<!-- Generated by org.testng.reporters.JUnitXMLReporter -->
<testsuite hostname="DESKTOP-UJFK23I" ignored="0" name="Test3" tests="2" failures="1" timestamp="2021-11-01T21:55:27 IST" time="14.703" errors="0">
  <testcase name="test" time="0.002" classname="testngsession.LoginTestCase_CrossBrowserTesting">
    <failure type="java.lang.NullPointerException">
      <![CDATA[java.lang.NullPointerException
at testngsession.LoginTestCase_CrossBrowserTesting.test(LoginTestCase_CrossBrowserTesting.java:40)
at java.util.concurrent.ThreadPoolExecutor.runWorker(ThreadPoolExecutor.java:1149)
at java.util.concurrent.ThreadPoolExecutor$Worker.run(ThreadPoolExecutor.java:624)
at java.lang.Thread.run(Thread.java:748)
... Removed 12 stack frames]]>
    </failure>
  </testcase> <!-- test -->
  <testcase name="verifyLoginTestCase" time="14.698" classname="testngsession.LoginTestCase_CrossBrowserTesting"/>
</testsuite> <!-- Test3 -->
