<?xml version="1.0" encoding="UTF-8"?>
<!-- Generated by org.testng.reporters.JUnitXMLReporter -->
<testsuite hostname="DESKTOP-UJFK23I" ignored="0" name="SmokeTest" tests="4" failures="0" timestamp="2021-11-08T08:37:09 IST" time="4.702" errors="0">
  <testcase name="verifyAmazonSearch" time="0.008" classname="com.testng.grouping.Group_SearchCase"/>
  <testcase name="verifyLogin" time="0.001" classname="com.testng.grouping.Group_LoginCase"/>
  <testcase name="verifyPricing" time="0.001" classname="com.testng.grouping.Group_LoginCase"/>
  <testcase name="launchApplication" time="4.649" classname="com.testng.grouping.Amazon"/>
</testsuite> <!-- SmokeTest -->
