<?xml version="1.0" encoding="UTF-8"?>
<!-- Generated by org.testng.reporters.JUnitXMLReporter -->
<testsuite hostname="DESKTOP-UJFK23I" ignored="1" name="RegressionOrSmoke" tests="2" failures="0" timestamp="2021-10-28T17:25:05 IST" time="0.049" errors="0">
  <testcase name="verifyLogin" time="0.007" classname="com.testng.grouping.Group_LoginCase"/>
  <testcase name="verifySearch" time="0.001" classname="com.testng.grouping.Group_SearchCase"/>
  <testcase name="verifyPricing" time="0.0" classname="com.testng.grouping.Group_LoginCase">
    <ignored/>
  </testcase> <!-- verifyPricing -->
</testsuite> <!-- RegressionOrSmoke -->
