<?xml version="1.0" encoding="UTF-8"?>
<!-- Generated by org.testng.reporters.JUnitXMLReporter -->
<testsuite hostname="DESKTOP-UJFK23I" ignored="0" name="Regression" tests="6" failures="0" timestamp="2021-11-05T08:36:27 IST" time="28.288" errors="0">
  <testcase name="testcase2" time="0.005" classname="testngdemopak.Test2"/>
  <testcase name="veifyLoginFunctionality" time="7.644" classname="testngdemopak.TestLoginAnnotationsEx"/>
  <testcase name="veifyLoginFunctionality" time="3.889" classname="testngdemopak.TestLoginBeforeAnnotationsEx2"/>
  <testcase name="verifyLogoHomepage" time="0.076" classname="testngdemopak.TestLoginBeforeAnnotationsEx2"/>
  <testcase name="test" time="0.003" classname="testngdemopak.TestNGAnnotations"/>
  <testcase name="test" time="0.001" classname="testngdemopak.TestNGClassEx"/>
</testsuite> <!-- Regression -->
