<?xml version="1.0" encoding="UTF-8"?>
<!-- Generated by org.testng.reporters.JUnitXMLReporter -->
<testsuite hostname="DESKTOP-UJFK23I" ignored="0" name="Test" tests="4" failures="0" timestamp="2021-12-10T10:43:37 IST" time="5.629" errors="0">
  <testcase name="verifyAmazonSearch" time="0.015" classname="com.testng.grouping.Group_SearchCase"/>
  <testcase name="verifyLogin" time="0.0" classname="com.testng.grouping.Group_LoginCase"/>
  <testcase name="verifyPricing" time="0.0" classname="com.testng.grouping.Group_LoginCase"/>
  <testcase name="launchApplication" time="5.581" classname="com.testng.grouping.Amazon"/>
</testsuite> <!-- Test -->
